[17:22:41] [ServerMain/INFO]: [bootstrap] Running Java 21 (OpenJDK 64-Bit Server VM 21.0.11+10-1-24.04.2-Ubuntu; Ubuntu null) on Linux 6.8.0-1052-azure (amd64)
[17:22:41] [ServerMain/INFO]: [bootstrap] Loading Paper 1.21.10-117-ver/1.21.10@df4b668 (2025-11-30T22:37:28Z) for Minecraft 1.21.10
[17:22:42] [ServerMain/INFO]: [PluginInitializerManager] Initializing plugins...
[17:22:42] [ServerMain/INFO]: [PluginInitializerManager] Initialized 0 plugins
[17:22:48] [ServerMain/INFO]: Environment: Environment[sessionHost=https://sessionserver.mojang.com, servicesHost=https://api.minecraftservices.com, profilesHost=https://api.mojang.com, name=PROD]
[17:22:50] [ServerMain/INFO]: Loaded 1461 recipes
[17:22:50] [ServerMain/INFO]: Loaded 1574 advancements
[17:22:50] [ServerMain/INFO]: [ca.spottedleaf.dataconverter.minecraft.datatypes.MCTypeRegistry] Initialising converters for DataConverter...
[17:22:50] [ServerMain/INFO]: [ca.spottedleaf.dataconverter.minecraft.datatypes.MCTypeRegistry] Finished initialising converters for DataConverter in 355.2ms
[17:22:50] [Server thread/INFO]: Starting minecraft server version 1.21.10
[17:22:50] [Server thread/INFO]: Loading properties
[17:22:50] [Server thread/INFO]: This server is running Paper version 1.21.10-117-ver/1.21.10@df4b668 (2025-11-30T22:37:28Z) (Implementing API version 1.21.10-R0.1-SNAPSHOT)
[17:22:51] [Server thread/INFO]: [spark] This server bundles the spark profiler. For more information please visit https://docs.papermc.io/paper/profiling
[17:22:51] [Server thread/INFO]: Server Ping Player Sample Count: 12
[17:22:51] [Server thread/INFO]: Using 4 threads for Netty based IO
[17:22:52] [Server thread/INFO]: [MoonriseCommon] Paper is using 1 worker threads, 1 I/O threads
[17:22:52] [Server thread/INFO]: Default game type: SURVIVAL
[17:22:52] [Server thread/INFO]: Generating keypair
[17:22:52] [Server thread/INFO]: Starting Minecraft server on *:25565
[17:22:52] [Server thread/INFO]: Using epoll channel type
[17:22:52] [Server thread/INFO]: Paper: Using libdeflate (Linux x86_64) compression from Velocity.
[17:22:52] [Server thread/INFO]: Paper: Using OpenSSL 3.x.x (Linux x86_64) cipher from Velocity.
[17:22:52] [Server thread/INFO]: Server permissions file permissions.yml is empty, ignoring it
[17:22:52] [Server thread/INFO]: Preparing level "world"
[17:22:52] [Server thread/INFO]: Loading 0 persistent chunks for world 'minecraft:overworld'...
[17:22:52] [Server thread/INFO]: Preparing spawn area: 100%
[17:22:52] [Server thread/INFO]: Prepared spawn area in 2 ms
[17:22:52] [Server thread/INFO]: Loading 0 persistent chunks for world 'minecraft:the_nether'...
[17:22:52] [Server thread/INFO]: Prepared spawn area in 4 ms
[17:22:52] [Server thread/INFO]: Loading 0 persistent chunks for world 'minecraft:the_end'...
[17:22:52] [Server thread/INFO]: Prepared spawn area in 0 ms
[17:22:52] [Server thread/INFO]: Done preparing level "world" (0.498s)
[17:22:53] [Server thread/INFO]: [spark] Starting background profiler...
[17:22:53] [Server thread/INFO]: Running delayed init tasks
[17:22:53] [Server thread/INFO]: Done (12.211s)! For help, type "help"
